[demo2.drfuri.com/intro/naix/index.html]
[backblue.gif]
[fade.gif]
[index.html]
[demo2.drfuri.com/intro/naix/css/bootstrap.min.css]
[demo2.drfuri.com/intro/naix/style.css]
[code.jquery.com/jquery-1.10.2.min.js]
[demo2.drfuri.com/intro/naix/images/logo.png]
[demo2.drfuri.com/intro/naix/images/logo_dark.png]
[demo2.drfuri.com/intro/naix/images/h-1.jpg]
[demo2.drfuri.com/intro/naix/images/h-2.jpg]
[demo2.drfuri.com/intro/naix/images/h-3.jpg]
[demo2.drfuri.com/intro/naix/images/h-4.jpg]
[demo2.drfuri.com/intro/naix/images/h-5.jpg]
[demo2.drfuri.com/intro/naix/images/h-6.jpg]
[demo2.drfuri.com/intro/naix/images/h-7.jpg]
[demo2.drfuri.com/intro/naix/images/h-9.jpg]
[demo2.drfuri.com/intro/naix/images/h-10.jpg]
[demo2.drfuri.com/intro/naix/images/h-11.jpg]
[demo2.drfuri.com/intro/naix/images/h-12.jpg]
[demo2.drfuri.com/intro/naix/images/h-13.jpg]
[demo2.drfuri.com/intro/naix/images/h-14.jpg]
[demo2.drfuri.com/intro/naix/images/h-15.jpg]
[demo2.drfuri.com/intro/naix/images/h-16.jpg]
[demo2.drfuri.com/intro/naix/images/h-17.jpg]
[demo2.drfuri.com/intro/naix/images/h-18.jpg]
[demo2.drfuri.com/intro/naix/images/p1.png]
[demo2.drfuri.com/intro/naix/images/p2.png]
[demo2.drfuri.com/intro/naix/images/p3.png]
[demo2.drfuri.com/intro/naix/images/p4.png]
[demo2.drfuri.com/intro/naix/images/p-1.jpg]
[demo2.drfuri.com/intro/naix/images/p-2.jpg]
[demo2.drfuri.com/intro/naix/images/p-3.jpg]
[demo2.drfuri.com/intro/naix/images/p-4.jpg]
[demo2.drfuri.com/intro/naix/images/p-5.jpg]
[demo2.drfuri.com/intro/naix/images/p-6.jpg]
[demo2.drfuri.com/intro/naix/images/b-1.jpg]
[demo2.drfuri.com/intro/naix/images/b-2.jpg]
[demo2.drfuri.com/intro/naix/images/b-3.jpg]
[demo2.drfuri.com/intro/naix/images/b-4.jpg]
[demo2.drfuri.com/intro/naix/images/b-5.jpg]
[demo2.drfuri.com/intro/naix/images/b-6.jpg]
[demo2.drfuri.com/intro/naix/images/s-1.jpg]
[demo2.drfuri.com/intro/naix/images/s-2.jpg]
[demo2.drfuri.com/intro/naix/images/s-3.jpg]
[demo2.drfuri.com/intro/naix/images/s-4.jpg]
[demo2.drfuri.com/intro/naix/images/s-5.jpg]
[demo2.drfuri.com/intro/naix/images/s-6.jpg]
[demo2.drfuri.com/intro/naix/images/s-7.jpg]
[demo2.drfuri.com/intro/naix/images/s-8.jpg]
[demo2.drfuri.com/intro/naix/images/s-9.jpg]
[demo2.drfuri.com/intro/naix/images/vs.png]
[demo2.drfuri.com/intro/naix/images/f1.jpg]
[demo2.drfuri.com/intro/naix/images/f2.png]
[demo2.drfuri.com/intro/naix/images/f3.png]
[demo2.drfuri.com/intro/naix/images/f4.jpg]
[demo2.drfuri.com/intro/naix/images/o1.jpg]
[demo2.drfuri.com/intro/naix/images/o2.jpg]
[demo2.drfuri.com/intro/naix/images/o3.jpg]
[demo2.drfuri.com/intro/naix/images/o4.jpg]
[demo2.drfuri.com/intro/naix/images/o6.jpg]
[demo2.drfuri.com/intro/naix/images/o7.jpg]
[cdnjs.cloudflare.com/ajax/libs/smoothscroll/1.4.6/SmoothScroll.min.js]
[cdn.jsdelivr.net/stickynavbar.js/1.3.4/jquery.stickyNavbar.min.js]
[demo2.drfuri.com/intro/naix/index.html]
[demo2.drfuri.com/intro/naix/css/bootstrap.min.css]
[demo2.drfuri.com/intro/naix/js/scripts.js]
[demo2.drfuri.com/intro/naix/fonts/cerebrisans-extrabold-webfont.woff2]
[demo2.drfuri.com/intro/naix/js/slick.min.js]
[demo2.drfuri.com/intro/naix/fonts/cerebrisans-extrabold-webfont.woff]
[demo2.drfuri.com/intro/naix/fonts/cerebrisans-extrabolditalic-webfont.woff2]
[demo2.drfuri.com/intro/naix/fonts/cerebrisans-extrabolditalic-webfont.woff]
[demo2.drfuri.com/intro/naix/fonts/cerebrisans-bold-webfont.woff2]
[demo2.drfuri.com/intro/naix/fonts/cerebrisans-bold-webfont.woff]
[demo2.drfuri.com/intro/naix/fonts/cerebrisans-bolditalic-webfont.woff2]
[demo2.drfuri.com/intro/naix/fonts/cerebrisans-bolditalic-webfont.woff]
[demo2.drfuri.com/intro/naix/fonts/cerebrisans-italic-webfont.woff2]
[demo2.drfuri.com/intro/naix/fonts/cerebrisans-italic-webfont.woff]
[demo2.drfuri.com/intro/naix/fonts/cerebrisans-light-webfont.woff2]
[demo2.drfuri.com/intro/naix/fonts/cerebrisans-light-webfont.woff]
[demo2.drfuri.com/intro/naix/fonts/cerebrisans-lightitalic-webfont.woff2]
[demo2.drfuri.com/intro/naix/fonts/cerebrisans-lightitalic-webfont.woff]
[demo2.drfuri.com/intro/naix/fonts/cerebrisans-medium-webfont.woff2]
[demo2.drfuri.com/intro/naix/fonts/cerebrisans-medium-webfont.woff]
[demo2.drfuri.com/intro/naix/fonts/cerebrisans-mediumitalic-webfont.woff2]
[demo2.drfuri.com/intro/naix/fonts/cerebrisans-mediumitalic-webfont.woff]
[demo2.drfuri.com/intro/naix/fonts/cerebrisans-regular-webfont.woff2]
[demo2.drfuri.com/intro/naix/fonts/cerebrisans-regular-webfont.woff]
[demo2.drfuri.com/intro/naix/fonts/cerebrisans-semibold-webfont.woff2]
[demo2.drfuri.com/intro/naix/fonts/cerebrisans-semibold-webfont.woff]
[demo2.drfuri.com/intro/naix/fonts/cerebrisans-semibolditalic-webfont.woff2]
[demo2.drfuri.com/intro/naix/fonts/cerebrisans-semibolditalic-webfont.woff]
[demo2.drfuri.com/intro/naix/images/bg_port.jpg]
[demo2.drfuri.com/intro/naix/images/slide.jpg]
[demo2.drfuri.com/intro/naix/images/logoen.png]
[demo2.drfuri.com/intro/naix/style.css]
[demo2.drfuri.com/intro/naix/images/h-8.jpg]
[demo2.drfuri.com/intro/naix/images/o5.jpg]
